<?xml version="1.0" encoding="UTF-8"?>
<!-- Generated by org.testng.reporters.JUnitXMLReporter -->
<testsuite hostname="Yaswanth" ignored="2" name="OrangeHRMLogin" tests="3" failures="1" timestamp="2022-07-28T17:51:55 IST" time="31.161" errors="0">
  <testcase name="LaunchApp" time="5.917" classname="com.selenium.Tests.OrangeHRM"/>
  <testcase name="EnterLoginDetails" time="10.761" classname="com.selenium.Tests.OrangeHRM"/>
  <testcase name="VerifyLogin" time="0.098" classname="com.selenium.Tests.OrangeHRM">
    <failure type="java.lang.AssertionError" message="expected [true] but found [false]">
      <![CDATA[java.lang.AssertionError: expected [true] but found [false]
at com.selenium.Tests.OrangeHRM.VerifyLogin(OrangeHRM.java:97)
at java.util.ArrayList.forEach(Unknown Source)
... Removed 31 stack frames]]>
    </failure>
  </testcase> <!-- VerifyLogin -->
  <testcase name="VerifyMyInfo" time="0.0" classname="com.selenium.Tests.OrangeHRM">
    <ignored/>
  </testcase> <!-- VerifyMyInfo -->
  <testcase name="NavigateToMyInfo" time="0.0" classname="com.selenium.Tests.OrangeHRM">
    <ignored/>
  </testcase> <!-- NavigateToMyInfo -->
</testsuite> <!-- OrangeHRMLogin -->
